# JRE version: OpenJDK Runtime Environment Temurin-17.0.9+9 (17.0.9+9) (build 17.0.9+9)
# Java VM: OpenJDK 64-Bit Server VM Temurin-17.0.9+9 (17.0.9+9, mixed mode, emulated-client, tiered, compressed oops, compressed class ptrs, g1 gc, windows-amd64)
GC Precious Log:
 CPUs: 4 total, 4 available
 Memory: 8075M
 Large Page Support: Disabled
 NUMA Support: Disabled
 Compressed Oops: Enabled (32-bit)
 Heap Region Size: 1M
 Heap Min Capacity: 8M
 Heap Initial Capacity: 128M
 Heap Max Capacity: 1G
 Pre-touch: Disabled
 Parallel Workers: 4
 Concurrent Workers: 1
 Concurrent Refinement Workers: 4
 Periodic GC: Disabled
Heap:
 garbage-first heap   total 65536K, used 22317K [0x00000000c0000000, 0x0000000100000000)
  region size 1024K, 1 young (1024K), 0 survivors (0K)
 Metaspace       used 39195K, committed 39808K, reserved 1114112K
  class space    used 5170K, committed 5440K, reserved 1048576K
GC Heap History (20 events):
Event: 5707.953 GC heap before
{Heap before GC invocations=523 (full 511):
 garbage-first heap   total 65536K, used 22317K [0x00000000c0000000, 0x0000000100000000)
  region size 1024K, 1 young (1024K), 0 survivors (0K)
 Metaspace       used 39195K, committed 39808K, reserved 1114112K
  class space    used 5170K, committed 5440K, reserved 1048576K
}
Event: 5707.990 GC heap after
{Heap after GC invocations=524 (full 512):
 garbage-first heap   total 65536K, used 22317K [0x00000000c0000000, 0x0000000100000000)
  region size 1024K, 0 young (0K), 0 survivors (0K)
 Metaspace       used 39195K, committed 39808K, reserved 1114112K
  class space    used 5170K, committed 5440K, reserved 1048576K
}
Event: 5720.695 GC heap before
{Heap before GC invocations=524 (full 512):
 garbage-first heap   total 65536K, used 22317K [0x00000000c0000000, 0x0000000100000000)
  region size 1024K, 1 young (1024K), 0 survivors (0K)
 Metaspace       used 39195K, committed 39808K, reserved 1114112K
  class space    used 5170K, committed 5440K, reserved 1048576K
}
Event: 5720.739 GC heap after
{Heap after GC invocations=525 (full 513):
 garbage-first heap   total 65536K, used 22317K [0x00000000c0000000, 0x0000000100000000)
  region size 1024K, 0 young (0K), 0 survivors (0K)
 Metaspace       used 39195K, committed 39808K, reserved 1114112K
  class space    used 5170K, committed 5440K, reserved 1048576K
}
Event: 5731.286 GC heap before
{Heap before GC invocations=525 (full 513):
 garbage-first heap   total 65536K, used 22317K [0x00000000c0000000, 0x0000000100000000)
  region size 1024K, 1 young (1024K), 0 survivors (0K)
 Metaspace       used 39195K, committed 39808K, reserved 1114112K
  class space    used 5170K, committed 5440K, reserved 1048576K
}
Event: 5731.335 GC heap after
{Heap after GC invocations=526 (full 514):
 garbage-first heap   total 65536K, used 22317K [0x00000000c0000000, 0x0000000100000000)
  region size 1024K, 0 young (0K), 0 survivors (0K)
 Metaspace       used 39195K, committed 39808K, reserved 1114112K
  class space    used 5170K, committed 5440K, reserved 1048576K
}
Event: 5746.982 GC heap before
{Heap before GC invocations=526 (full 514):
 garbage-first heap   total 65536K, used 22317K [0x00000000c0000000, 0x0000000100000000)
  region size 1024K, 1 young (1024K), 0 survivors (0K)
 Metaspace       used 39195K, committed 39808K, reserved 1114112K
  class space    used 5170K, committed 5440K, reserved 1048576K
}
Event: 5747.027 GC heap after
{Heap after GC invocations=527 (full 515):
 garbage-first heap   total 65536K, used 22317K [0x00000000c0000000, 0x0000000100000000)
  region size 1024K, 0 young (0K), 0 survivors (0K)
 Metaspace       used 39195K, committed 39808K, reserved 1114112K
  class space    used 5170K, committed 5440K, reserved 1048576K
}
Event: 5757.544 GC heap before
{Heap before GC invocations=527 (full 515):
 garbage-first heap   total 65536K, used 22317K [0x00000000c0000000, 0x0000000100000000)
  region size 1024K, 1 young (1024K), 0 survivors (0K)
 Metaspace       used 39195K, committed 39808K, reserved 1114112K
  class space    used 5170K, committed 5440K, reserved 1048576K
}
Event: 5757.586 GC heap after
{Heap after GC invocations=528 (full 516):
 garbage-first heap   total 65536K, used 22317K [0x00000000c0000000, 0x0000000100000000)
  region size 1024K, 0 young (0K), 0 survivors (0K)
 Metaspace       used 39195K, committed 39808K, reserved 1114112K
  class space    used 5170K, committed 5440K, reserved 1048576K
}
Event: 5768.748 GC heap before
{Heap before GC invocations=528 (full 516):
 garbage-first heap   total 65536K, used 22317K [0x00000000c0000000, 0x0000000100000000)
  region size 1024K, 1 young (1024K), 0 survivors (0K)
 Metaspace       used 39195K, committed 39808K, reserved 1114112K
  class space    used 5170K, committed 5440K, reserved 1048576K
}
Event: 5768.786 GC heap after
{Heap after GC invocations=529 (full 517):
 garbage-first heap   total 65536K, used 22317K [0x00000000c0000000, 0x0000000100000000)
  region size 1024K, 0 young (0K), 0 survivors (0K)
 Metaspace       used 39195K, committed 39808K, reserved 1114112K
  class space    used 5170K, committed 5440K, reserved 1048576K
}
Event: 5780.043 GC heap before
{Heap before GC invocations=529 (full 517):
 garbage-first heap   total 65536K, used 22317K [0x00000000c0000000, 0x0000000100000000)
  region size 1024K, 1 young (1024K), 0 survivors (0K)
 Metaspace       used 39195K, committed 39808K, reserved 1114112K
  class space    used 5170K, committed 5440K, reserved 1048576K
}
Event: 5780.105 GC heap after
{Heap after GC invocations=530 (full 518):
 garbage-first heap   total 65536K, used 22317K [0x00000000c0000000, 0x0000000100000000)
  region size 1024K, 0 young (0K), 0 survivors (0K)
 Metaspace       used 39195K, committed 39808K, reserved 1114112K
  class space    used 5170K, committed 5440K, reserved 1048576K
}
Event: 5790.540 GC heap before
{Heap before GC invocations=530 (full 518):
 garbage-first heap   total 65536K, used 22317K [0x00000000c0000000, 0x0000000100000000)
  region size 1024K, 1 young (1024K), 0 survivors (0K)
 Metaspace       used 39195K, committed 39808K, reserved 1114112K
  class space    used 5170K, committed 5440K, reserved 1048576K
}
Event: 5790.579 GC heap after
{Heap after GC invocations=531 (full 519):
 garbage-first heap   total 65536K, used 22317K [0x00000000c0000000, 0x0000000100000000)
  region size 1024K, 0 young (0K), 0 survivors (0K)
 Metaspace       used 39195K, committed 39808K, reserved 1114112K
  class space    used 5170K, committed 5440K, reserved 1048576K
}
Event: 5801.228 GC heap before
{Heap before GC invocations=531 (full 519):
 garbage-first heap   total 65536K, used 22317K [0x00000000c0000000, 0x0000000100000000)
  region size 1024K, 1 young (1024K), 0 survivors (0K)
 Metaspace       used 39195K, committed 39808K, reserved 1114112K
  class space    used 5170K, committed 5440K, reserved 1048576K
}
Event: 5801.268 GC heap after
{Heap after GC invocations=532 (full 520):
 garbage-first heap   total 65536K, used 22317K [0x00000000c0000000, 0x0000000100000000)
  region size 1024K, 0 young (0K), 0 survivors (0K)
 Metaspace       used 39195K, committed 39808K, reserved 1114112K
  class space    used 5170K, committed 5440K, reserved 1048576K
}
Event: 5812.992 GC heap before
{Heap before GC invocations=532 (full 520):
 garbage-first heap   total 65536K, used 22317K [0x00000000c0000000, 0x0000000100000000)
  region size 1024K, 1 young (1024K), 0 survivors (0K)
 Metaspace       used 39195K, committed 39808K, reserved 1114112K
  class space    used 5170K, committed 5440K, reserved 1048576K
}
Event: 5813.034 GC heap after
{Heap after GC invocations=533 (full 521):
 garbage-first heap   total 65536K, used 22317K [0x00000000c0000000, 0x0000000100000000)
  region size 1024K, 0 young (0K), 0 survivors (0K)
 Metaspace       used 39195K, committed 39808K, reserved 1114112K
  class space    used 5170K, committed 5440K, reserved 1048576K
}

